2023-05-08 09:43:42,08 - Reinicio de log: Continuação do log do dia 05/05/2023. 
2023-05-08 09:43:42: AS 7364: INFO: AutoSystem versao 3.3.1.47
2023-05-08 09:43:42: AS 7364: INFO: Gerado em: 23/03/2022 13:15:56
2023-05-08 09:43:42: AS 7364: INFO: Nome da estacao: 'SUPORTE.WORKGROUP'
2023-05-08 09:43:42: AS 7364: INFO: ASKEY Serial: NMNF-JKFM-FOBQ-JEIK
2023-05-08 09:43:42: AS 7364: INFO: ASKEY Nome..: LINX SISTEMAS E CONSULTORIA LTDA
2023-05-08 09:43:42: AS 7364: INFO: ASKEY CNPJ..: 54.517.628/0001-98
2023-05-08 09:43:42: AS 7364: WARN: Prazo expira em: 2 dias
2023-05-08 09:43:43: AS 7364: INFO: Conectando banco de dados 'postoum' em 'localhost' user 'postgres'
2023-05-08 09:43:43: AS 7364: INFO: Estado do banco de dados: 1647978652
2023-05-08 09:43:44: AS 7364: INFO: Integração com o módulo de pagamento QR LINX ativada!
2023-05-08 09:43:44: AS 7364: INFO: Informações do banco de dados carregadas!
2023-05-08 09:43:44: AS 7364: INFO: Timezone do Banco já é GMT+3
2023-05-08 09:43:44: AS 7364: INFO: Utilizando versao PAF: NAO
2023-05-08 09:43:44: AS 7364: INFO: Conectando banco de dados 'postoum' em 'localhost' user 'postgres'
2023-05-08 09:43:44: AS 7364: INFO: Estado do banco de dados: 1647978652
2023-05-08 09:43:45: AS 7364: INFO: Integração com o módulo de pagamento QR LINX ativada!
2023-05-08 09:43:45: AS 7364: INFO: Informações do banco de dados carregadas!
2023-05-08 09:43:45: AS 7364: INFO: Timezone do Banco já é GMT+3
2023-05-08 09:43:46: AS 7364: INFO: Consultado versão mínima na Intranet LZT
2023-05-08 09:43:46: AS 7364: INFO: Versão mínima retornada da intranet: [{'versao': '3.3.1.98'}]
2023-05-08 09:43:46: USER: INFO: Informações de super-usuario carregadas
2023-05-08 11:44:14: AS 21568: INFO: AutoSystem versao 3.3.1.47
2023-05-08 11:44:14: AS 21568: INFO: Gerado em: 23/03/2022 13:15:56
2023-05-08 11:44:14: AS 21568: INFO: Nome da estacao: 'SUPORTE.WORKGROUP'
2023-05-08 11:44:14: AS 21568: INFO: ASKEY Serial: NMNF-JKFM-FOBQ-JEIK
2023-05-08 11:44:14: AS 21568: INFO: ASKEY Nome..: LINX SISTEMAS E CONSULTORIA LTDA
2023-05-08 11:44:14: AS 21568: INFO: ASKEY CNPJ..: 54.517.628/0001-98
2023-05-08 11:44:14: AS 21568: WARN: Prazo expira em: 2 dias
2023-05-08 11:44:16: AS 21568: INFO: Conectando banco de dados 'postoum' em 'localhost' user 'postgres'
2023-05-08 11:44:16: AS 21568: INFO: Estado do banco de dados: 1647978652
2023-05-08 11:44:17: AS 21568: INFO: Integração com o módulo de pagamento QR LINX ativada!
2023-05-08 11:44:17: AS 21568: INFO: Informações do banco de dados carregadas!
2023-05-08 11:44:17: AS 21568: INFO: Timezone do Banco já é GMT+3
2023-05-08 11:44:17: AS 21568: INFO: Utilizando versao PAF: NAO
2023-05-08 11:44:17: AS 21568: INFO: Conectando banco de dados 'postoum' em 'localhost' user 'postgres'
2023-05-08 11:44:17: AS 21568: INFO: Estado do banco de dados: 1647978652
2023-05-08 11:44:18: AS 21568: INFO: Integração com o módulo de pagamento QR LINX ativada!
2023-05-08 11:44:18: AS 21568: INFO: Informações do banco de dados carregadas!
2023-05-08 11:44:18: AS 21568: INFO: Timezone do Banco já é GMT+3
2023-05-08 11:44:18: AS 21568: INFO: Consultado versão mínima na Intranet LZT
2023-05-08 11:44:18: AS 21568: INFO: Versão mínima retornada da intranet: [{'versao': '3.3.1.98'}]
2023-05-08 11:44:18: USER: INFO: Informações de super-usuario carregadas
